[    0.000000] Initiaizing cgroup subsys cpuset
[    0.000000] Initializing cgroup subsys cpu
[    0.000000] Initializing cgroup subsys cpuacct
[    0.000000] Linux version 4.4.0-62-generic (buildd@lcy01-30) (gcc version 5.4.0 20160609 (Ubuntu 5.4.0-6ubuntu1~16.04.4) ) #83-Ubuntu SMP Wed Jan 18 14:10:15 UTC 2017 (buntu 4.4.0-62.83-generic 4..40)
[    0.000000] Command line: BOOT_IMAGE=/boot/vmlinuz-4.4.0-62-generic root=UUID=8ca31236-1b14-47d1-a491-527b2dc859dc ro console=tty1 console=ttyS0
[    0.000000] KERNEL supported cpus:
[    0.000000]   Intel GenuineIntel
[    0.000000]   AMD AuthenticAMD
[    0.000000]   Centaur CentaurHauls
[    0.000000] x86/fpu: xstate_offset[2]:  576, xstate_sizes[2]:  256
[    0.000000] x86/fpu: Supporting XSAVE feature 0x01: 'x87 floating point registers'
[    0.00000] x86/fpu: Supporting XSAVE feature 0x02: 'SSE registers'
[    0.000000] x86/fpu: Supporting XSAVE feature 0x04: 'AVX registers'
[    0.000000] x86/fpu: Enabled xstate features 0x7, context size s 832 bytes, using 'standard' format.
[    0.000000] x86/fpu: Using 'lazy' FPU context switches.
[    .00000] e820: BIOS-provided physical RRAM map:
[    0.000000] BIOS-e820: [mem 0x0000000000000000-0x000000000009fbff] usable
[   0.000000] BIO-e820: [mem 0x000000000009fc00-0x000000000009ffff] reserved
[    0.000000] BIS-e820: [mem 0x00000000000f0000-0x00000000000fffff] reserd
[    0.000000] BIOS-e820: [mem 0x0000000000100000-0x000000003ffeffff] usable
[    0.000000] BIOS-e820: [mem 0x000000003fff0000-0x000000003fffffff] ACPI data
[    0.000000] BIOS-e820: [mem 0x00000000fffc0000-0x00000000ffffffff] reserved
[    0.000000] NX (Execute Disable) protection: active
[    0.000000] SMBIOS 2.5 present.
[    0.000000] Hypervisor detected: KVM
[    0.000000] e820: last_pfn = 0x3fff0 max_arh_pfn = 0x400000000
[    0.000000] MTRR: Disabled
[    0.000000] x86/PT: MTRRs disabled, skipping PAT initialization too.
[    0.000000] x86/PAT: Configuration [0-7]: WB  WT  UC- UC  WB  WT  UC- UC  
[    0.000000] CPU MTRRs all blank - virtualized system.
[    0.000000] found SMP MP-table at [mem 0x0009fff0-0x0009ffff] mapped at [ffff88000009fff0]
[    0.000000] Scanning 1 areas for low memory corruption
[    0.000000] RAMDISK: [mem 0x338dc000-0x35c65fff]
[    0.000000] ACPI: Early table checksum verification disabled
[    0.000000] ACPI: RSDP 0x00000000000E0000 000024 (v02 VBOX )
[    0.000000] ACPI: XSDT 0x000000003FFF0030 00003C (v01 VBOX   VBOXXSDT 0000001 ASL  00000061)
[    0.000000] ACPI: FACP 0x000000003FFF00F0 0000F4 (v04 VBOX   VBOXFACP 00000001 ASL  00000061)
[    0.000000] ACPI: DSDT 0x000000003FFF0470 002106 (v01 VBOX   VBOXBIOS 00000002 INTL 20100528)
[    0.000000] ACPI: FACS 0x000000003FFF0200 000040
[    0.000000] ACPI: FACS 0x000000003FFF0200 000040
[    0.000000] ACPI: APIC 0x000000003FFF0240 00005C (v02 VBOX   VBOXAPIC 00000001 ASL  00000061)
[    0.000000] ACPI: SSDT 0x000000003FFF02A0 0001CC (v01 VBOX   VBOXCPUT 00000002 INTL 20100528)
[    0.000000] No NUMA configuration found
[    0.000000] Faking a node at [mem 0x0000000000000000-0x000000003ffeffff]
[    0.000000] NODE_DATA(0) allocated [mem 0x3ffeb000-0x3ffeffff]
[    0.000000] kvm-clock: Using msrs 4b564d01 and 4b564d00
[    0.000000] kvm-clock: cpu 0, msr 0:3ffe3001, primary cpu clock
[    0.000000] kvm-clock: using sched offset of 5588414299 cycles
[    0.000000] clocksource: kvm-clock: mask: 0xffffffffffffffff max_cycles: 0x1cd42e4dffb, max_idle_ns: 881590591483 ns
[    0.000000] Zone ranges:
[    0.000000]   DMA      [mem 0x0000000000001000-0x0000000000ffffff]
[    0.000000]   DMA32    [mem 0x0000000001000000-0x000000003ffeffff]
[    0.000000]   Normal   empty
[    0.000000]   Device   empty
[    0.000000] Movable zone start for each node
[    0.000000] Early memory node ranges
[    0.000000]   node   0: mem 0x0000000000001000-0x000000000009efff]
[    0.000000]   node   0: [mem 0x0000000000100000-0x000000003ffeffff]
[    0.000000] Initmem setup node 0 [mem 0x0000000000001000-0x000000003ffeffff]
[    0.000000] ACPI: PM-Timer IO Port: 0x4008
[    0.000000] IOAPIC[0]: apic_id 2, version 17, address 0xfec00000, GSI 0-23
[    0.000000] ACPI: INT_SRC_OVR (bus 0 bus_irq 0 global_irq 2 dfl dfl)
[    0.000000] ACPI: INT_SRC_OVR (bus 0 bus_irq 9 global_irq 9 high level)
[    0.000000] Using ACPI (MADT) for SMP configuration information
[    0.000000] smpboot: Allowing 2 CPUs, 0 hotplug CPUs
[    0.000000] PM: Registered nosave memory: [mem 0x00000000-0x00000fff]
[    0.000000] PM: Registeed nosave emory: [mem 0x0009f000-0x0009ffff]
[    0.000000] PM: Registered nosave memory: [mem 0x000a0000-0x000effff]
[    0.000000] PM: Registered nosave memory: [mem 0x000f0000-0x000fffff]
[    0.000000] e820: [mem 0x40000000-0xfffbffff] available for PCI ddevices
[    0.000000] Booting paravirtualized kernel on KVM
[    0.000000] clocksource: refined-jiffies: mask: 0xffffffff max_cycles: 0xffffffff, max_idle_ns: 7645519600211568 ns
[    0.000000] setup_percpu: NR_CPUS:512 nr_cpumask_bits:512 nr_cpu_ids:2 nr_node_ids:1
[    0.000000] PERCPU: Embedded 33 pages/cpu @ffff88003fc00000 s98264 r8192 d28712 u1048576
[    0.000000] PV qspinlock hash table entries: 256 (order: 0, 4096 bytes)
[    0.000000] Built 1 zonelists in Node order, mobility grouping on.  Total pages: 257913
[    0.000000] Policy zone: DMA32
[    0.000000] Kernel command line: BOOT_IMAGE=/boot/vmlinuz-4.4.0-62-generic root=UUID=8ca31236-1b14-47d1-a491-527b2dc859dc ro console=tty1 console=ttyS0
[    0.000000] PID hash table entries: 4096 (order: 3, 32768 bytes)
[    0.000000] Memory: 976188K/1048120K available (8436K kernel code, 1291K rwdata, 3960K rodata, 1488K init, 1316K bss, 71932K reserved, 0K cma-reserved)
[    0.000000] SLUB: HWalign=64, Order=0-3, MinObjects=0, CPUs=2, Nodes=1
[    0.000000] Hierarchical RCU implementation.
[    0.000000] 	Build-time adjustment of leaf fanout to 64.
[    0.000000] 	RCU restricting CPUs from NR_CPUS=512 to nr_cpu_ids=2.
[    0.000000] RCU: Adjusting geometry for rcu_fanout_leaf=64, nr_cpu_ids=2
[    0.000000] NR_IRQS:33024 nr_irqs:440 16
[    0.000000] Console: colour VGA+ 80x25
[    0.000000] console [tty1] enabled
[    0.000000] console [ttyS0] enabled
[    0.000000] tsc: Detected 1999.999 MHz processor
[    1.382460] Calibrating delay loop (skipped) preset value.. 3999.99 BogoMIPS (lpj=7999996)
[    1.385931] pid_max: default: 32768 minimum: 301
[    1.388674] ACPI: Core revision 20150930
[    1.392739] ACPI: 2 ACPI AML tables successfully acquired and loaded
[    1.397078] Security Framework initialized
[    1.398801] Yama: becoming mindful.
[    1.401151] AppArmor: AppArmor initialized
[    1.404140] Dentry cache hash table entries: 131072 (order: 8, 1048576 bytes)
[    1.408143] Inode-cache hash table entries: 65536 (order: 7, 524288 bytes)
[    1.411722] Mount-cache hash table entries: 2048 (order: 2, 16384 bytes)
[    1.422607] Mountpoint-cache hash table entries: 2048 (order: 2, 16384 bytes)
[    1.430765] Initializing cgroup subsys io
[    1.437821] Initializing cgroup subsys memory
[    1.487956] Initializing cgroup subsys devices
[    1.499652] Initializing cgroup subsys freezer
[    1.515318] Initializing cgroup subsys net_cls
[    1.526317] Initializing cgroup subsys perf_event
[    1.596213] Initializing cgroup subsys net_prio
[    1.632780] Initializing cgroup subsys hugetlb
[    1.683451] Initializing cgroup subsys pids
[    1.696801] CPU: Physical Processor ID: 0
[    1.698407] CPU: Processor Core ID: 0
[    1.703026] mce: CPU supports 0 MCE banks
[    1.707528] Last level iTLB entries: 4KB 1024, 2MB 1024, 4MB 1024
[    1.709708] Last level dTLB entries: 4KB 1024, 2MB 1024, 4MB 1024, 1GB 4
[    1.715353] Freeing SMP alternatives memory: 32K (ffffffff820b8000 - ffffffff820c0000)
[    1.738522] ftrace: allocating 32065 entries in 126 pages
[    1.838250] smpboot: APIC(0) Converting physical 0 to logical package 0
[    1.840663] smpboot: Max logical packages: 1
[    1.844940] ..TIMER: vector=0x30 apic1=0 pin1=2 apic2=-1 pin2=-1
[    1.954989] smpboot: CPU0: Intel(R) Core(TM) i5-4260U CPU @ 1.40GHz (family: 0x6, model: 0x45, stepping: 0x1)
[    1.963455] Performance Events: unsupported p6 CPU model 69 no PMU driver, software events only.
[    1.968481] KVM setup paravirtual spinlock
[    1.972139] x86: Booting SMP configuration:
[    1.980694] .... node  #0, CPUs:      #1
[    1.982392] kvm-clock: cpu 1, msr 0:3ffe3041, secondary cpu clock
[    1.993016] mce: CPU supports 0 MCE banks
[    2.018435] x86: Booted up 1 node, 2 CPUs
[    2.029206] smpboot: Total of 2 processors activated (7999.99 BogoMIPS)
[    2.040162] devtmpfs: initialized
[    2.045614] evm: security.selinux
[    2.050510] evm: security.SMACK64
[    2.056698] evm: security.SMACK64EXEC
[    2.062029] evm: security.SMACK64TRANSMUTE
[    2.067492] evm: security.SMACK64MMAP
[    2.072896] evm: security.ima
[    2.077695] evm: security.capability
[    2.084631] clocksource: jiffies: mask: 0xffffffff max_cycles: 0xffffffff, max_idle_ns: 7645041785100000 ns
[    2.128930] pinctrl core: initialized pinctrl subsystem
[    2.150881] RTC time: 19:06:33, date: 02/14/17
[    2.203637] NET: Registered protocol family 16
[    2.225678] cpuidle: using governor ladder
[    2.250124] cpuidle: using governor menu
[    2.258617] PCCT header not found.
[    2.260317] ACPI: bus type PCI registered
[    2.263211] acpiphp: ACPI Hot Plug PCI Controller Driver version: 0.5
[    2.265237] PCI: Using configuration type 1 for base access
[    2.279138] ACPI: Added _OSI(Module Device)
[    2.281962] ACPI: Added _OSI(Processor Device)
[    2.283671] ACPI: Added _OSI(3.0 _SCP Extensions)
[    2.286994] ACPI: Added _OSI(Processor Aggregator Device)
[    2.290284] ACPI: Executed 1 blocks of module-level executable AML code
[    2.307011] ACPI: Interpreter enabled
[    2.308575] ACPI: (supports S0 S5)
[    2.310043] ACPI: Using IOAPIC for interrupt routing
[    2.335098] PCI: Using host bridge windows from ACPI; if necessary, use "pci=nocrs" and report a bug
[    2.357271] ACPI: PCI Root Bridge [PCI0] (domain 0000 [bus 00-ff])
[    2.369157] acpi PNP0A03:00: _OSC: OS supports [ASPM ClockPM Segments MSI]
[    2.388694] acpi PNP0A03:00: _OSC failed (AE_NOT_FOUND); disabling ASPM
[    2.398500] acpi PNP0A03:00: fail to add MMCONFIG information, can't access extended PCI configuration space under this bridge.
[    2.403266] PCI host bridge to bus 0000:00
[    2.407539] pci_bus 0000:00: root bus resource [io  0x0000-0x0cf7 window]
[    2.410864] pci_bus 0000:00: root bus resource [io  0x0d00-0xffff window]
[    2.412901] pci_bus 0000:00: root bus resource [mem 0x000a0000-0x000bffff window]
[    2.415349] pci_bus 0000:00: root bus resource [mem 0x40000000-0xffdfffff window]
[    2.417705] pci_bus 0000:00: root bus resource [bus 00-ff]
[    2.423642] pci 0000:00:01.1: legacy IDE quirk: reg 0x10: [io  0x01f0-0x01f7]
[    2.425858] pci 0000:00:01.1: legacy IDE quirk: reg 0x14: [io  0x03f6]
[    2.428203] pci 0000:00:01.1: legacy IDE quirk: reg 0x18: [io  0x0170-0x0177]
[    2.430397] pci 0000:00:01.1: legacy IDE quirk: reg 0x1c: [io  0x0376]
[    2.485379] ACPI: PCI Interrupt Link [LNKA] (IRQs 5 9 10 11) *0, disabled.
[    2.499962] ACPI: PCI Interrupt Link [LNKB] (IRQs 5 9 10 *11)
[    2.511455] ACPI: PCI Interrupt Link [LNKC] (IRQs 5 9 *10 11)
[    2.525027] ACPI: PCI Interrupt Link [LNKD] (IRQs 5 *9 10 11)
[    2.547917] ACPI: Enabled 2 GPEs in block 00 to 07
[    2.555499] vgaarb: setting as boot device: PCI:0000:00:02.0
[    2.575071] vgaarb: device added: PCI:0000:00:02.0,decodes=io+mem,owns=io+mem,locks=none
[    2.587602] vgaarb: loaded
[    2.621352] vgaarb: bridge control possible 0000:00:02.0
[    2.638551] SCSI subsystem initialized
[    2.654722] ACPI: bus type USB registered
[    2.659200] usbcore: registered new interface driver usbfs
[    2.670259] usbcore: registered new interface driver hub
[    2.687084] usbcore: registered new device driver usb
[    2.706016] PCI: Using ACPI for IRQ routing
[    2.711899] NetLabel: Initializing
[    2.714825] NetLabel:  domain hash size = 128
[    2.721369] NetLabel:  protocols = UNLABELED CIPSOv4
[    2.727061] NetLabel:  unlabeled traffic allowed by default
[    2.734316] amd_nb: Cannot enumerate AMD northbridges
[    2.745555] clocksource: Switched to clocksource kvm-clock
[    2.771007] AppArmor: AppArmor Filesystem Enabled
[    2.777400] pnp: PnP ACPI init
[    2.784267] pnp: PnP ACPI: found 3 devices
[    2.808611] clocksource: acpi_pm: mask: 0xffffff max_cycles: 0xffffff, max_idle_ns: 2085701024 ns
[    2.913883] NET: Registered protocol family 2
[    2.954041] TCP established hash table entries: 8192 (order: 4, 65536 bytes)
[    2.958715] TCP bind hash table entries: 8192 (order: 5, 131072 bytes)
[    2.962795] TCP: Hash tables configured (established 8192 bind 8192)
[    2.966545] UDP hash table entries: 512 (order: 2, 16384 bytes)
[    2.969870] UDP-Lite hash table entries: 512 (order: 2, 16384 bytes)
[    2.981502] NET: Registered protocol family 1
[    2.995255] pci 0000:00:00.0: Limiting direct PCI/PCI transfers
[    3.006400] pci 0000:00:01.0: Activating ISA DMA hang workarounds
[    3.024740] Trying to unpack rootfs image as initramfs...
[   .96824] Freeing initrd mmo: 39 (fff880033dc00 - ffff880035c6600)
[   .518008] APL PMU detected, API unit is2^32 Jules, 4 fixed uner10737418240 ms ovf timer
[    5.053787] hw unit of domain pp0-core 2^-0 Joules
[    5.055306] hw unit of domain package 2^-0 Joules
[    5.056970] hw unit of domain dram 2^-0 Joules

[    5.058417] hw unit of domain pp1-gpu 2^-0 Joules
[    5.059964] platform rtc_cmos: registered platform RTC device (no PNP device found)
[    5.062897] Scanning for low memory corruption every 60 seconds
[    5.066078] futex hash table entries: 512 (order: 3, 32768 bytes)
[    5.071421] audit: initializing netlink subsys (disabled)
[    5.076166] audit: type=2000 audit(1487099202.130:1): initialized
[    5.087797] Initialise system trusted keyring
[    5.095428] HugeTLB registered 2 MB page size, pre-allocated 0 pages
[    5.116706] zbud: loaded
[    5.123438] VFS: Disk quotas dquot_6.6.0
[    5.130081] VFS: Dquot-cache hash table entries: 512 (order 0, 4096 bytes)
[    5.147608] squashfs: version 4.0 (2009/01/31) Phillip Lougher
[    5.163378] fuse init (API version 7.23)
[    5.166291] Key type big_key registered
[    5.171080] Allocating IMA MOK and blacklist keyrings.
[    5.175475] Key type asymmetric registered
[    5.178799] Asymmetric key parser 'x509' registered
[    5.180667] Block layer SCSI generic (bsg) driver version 0.4 loaded (major 249)
[    5.184428] io scheduler noop registered
[    5.185759] io scheduler deadline registered (default)
[    5.187365] io scheduler cfq registered
[    5.188861] pci_hotplug: PCI Hot Plug PCI Core version: 0.5
[    5.191095] pciehp: PCI Express Hot Plug Controller Driver version: 0.4
[    5.202398] ACPI: AC Adapter [AC] (on-line)
[    5.213394] input: Power Button as /devices/LNXSYSTM:00/LNXPWRBN:00/input/input0
[    5.228708] ACPI: Power Button [PWRF]
[    5.236104] input: Sleep Button as /devices/LNXSYSTM:00/LNXSLPBN:00/input/input1
[    5.252040] ACPI: Sleep Button [SLPF]
[    5.267997] ACPI: Battery Slot [BAT0] (battery present)
[    5.269656] GHES: HEST is not enabled!
[    5.269825] Serial: 8250/16550 driver, 32 ports, IRQ sharing enabled
[    5.302665] 00:02: ttyS0 at I/O 0x3f8 (irq = 4, base_baud = 115200) is a 16550A
[    5.305819] Linux agpgart interface v0.103
[    5.322871] brd: module loaded
[    5.343503] loop: module loaded
[    5.351942] scsi host0: ata_piix
[    5.357887] scsi host1: ata_piix
[    5.368673] ata1: PATA max UDMA/33 cmd 0x1f0 ctl 0x3f6 bmdma 0xd000 irq 14
[    5.378347] ata2: PATA max UDMA/33 cmd 0x170 ctl 0x376 bmdma 0xd008 irq 15
[    5.395782] libphy: Fixed MDIO Bus: probed
[    5.408190] tun: Universal TUN/TAP device driver, 1.6
[    5.416771] tun: (C) 1999-2004 Max Krasnyansky <maxk@qualcomm.com>
[    5.423962] PPP generic driver version 2.4.2
[    5.430792] ehci_hcd: USB 2.0 'Enhanced' Host Controller (EHCI) Driver
[    5.449652] ehci-pci: EHCI PCI platform driver
[    5.459621] ehci-platform: EHCI generic platform driver
[    5.462744] ohci_hcd: USB 1.1 'Open' Host Controller (OHCI) Driver
[    5.479748] ohci-pci: OHCI PCI platform driver
[    5.483168] ohci-platform: OHCI generic platform driver
[    5.487290] uhci_hcd: USB Universal Host Controller Interface driver
[    5.492569] i8042: PNP: PS/2 Controller [PNP0303:PS2K,PNP0f03:PS2M] at 0x60,0x64 irq 1,12
[    5.503034] serio: i8042 KBD port at 0x60,0x64 irq 1
[    5.514936] serio: i8042 AUX port at 0x60,0x64 irq 12
[    5.523810] mousedev: PS/2 mouse device common for all mice
[    5.529713] rtc_cmos rtc_cmos: rtc core: registered rtc_cmos as rtc0
[    5.547597] rtc_cmos rtc_cmos: alarms up to one day, 114 bytes nvram
[    5.556320] i2c /dev entries driver
[    5.560985] input: AT Translated Set 2 keyboard as /devices/platform/i8042/serio0/input/input2
[    5.572105] device-mapper: uevent: version 1.0.3
[    5.639186] device-mapper: ioctl: 4.34.0-ioctl (2015-10-28) initialised: dm-devel@redhat.com
[    5.662781] ledtrig-cpu: registered to indicate activity on CPUs
[    5.675033] NET: Registered protocol family 10
[    5.682667] NET: Registered protocol family 17
[    5.697549] Key type dns_resolver registered
[    5.699935] microcode: CPU0 sig=0x40651, pf=0x40, revision=0x0
[    5.701837] microcode: CPU1 sig=0x40651, pf=0x40, revision=0x0
[    5.708669] microcode: Microcode Update Driver: v2.01 <tigran@aivazian.fsnet.co.uk>, Peter Oruba
[    5.717607] registered taskstats version 1
[    5.724835] Loading compiled-in X.509 certificates
[   5.72413] Loaded X.509 cert 'Build time autogenerated kernel key: a630254739635d6fdc487c9f0fa9aff04f04'
[    5.985672] zswap: loded usingpo lo/bu
   6.3999] tsc: efined TSC clocksource calibration: 1999.647 MHz

[    6.448913] clocksource: tsc: mask: 0xffffffffffffffff max_cycles: 0x39a5c2627c2, max_idle_ns: 881590761629 ns
[    6.454950] Key type trusted registered
[    6.543243] Key type encrypted registered
[    6.577037] AppArmor: AppArmor sha1 policy hashing enabled
[    6.585252] ima: No TPM chip found, activating TPM-bypass!
[    6.611932] evm: HMAC attrs: 0x1
[    6.614783]   Magic number: 5:108:142
[    6.616001] block ram7: hash matches
[    6.617306] rtc_cmos rtc_cmos: setting system clock to 2017-02-14 19:06:38 UTC (1487099198)
[    6.633763] BIOS EDD facility v0.16 2004-Jun-25, 0 devices found
[    6.635564] EDD information not available.
[    6.641856] Freeing unused kernel memory: 1488K (ffffffff81f44000 - ffffffff820b8000)
[    6.673523] Write protecting the kernel read-only data: 14336k
[    6.696065] Freeing unused kernel memory: 1792K (ffff880001840000 - ffff880001a00000)
[    6.712599] Freeing unused kernel memory: 136K (ffff880001dde000 - ffff880001e00000)
Loading, please wait...
starting version[    6.764659] random: systemd-udevd: uninitialized urandom read (16 bytes read, 4 bits of entropy available)
 229
[    6.765799] random: udevadm: uninitialized urandom read (16 bytes read, 4 bits of entropy available)
[    6.765856] random: udevadm: uninitialized urandom read (16 bytes read, 4 bits of entropy available)
[    6.766039] random: udevadm: uninitialized urandom read (16 bytes read, 4 bits of entropy available)
[    6.766108] random: udevadm: uninitialized urandom read (16 bytes read, 4 bits of entropy available)
[    6.766175] random: udevadm: uninitialized urandom read (16 bytes read, 4 bits of entropy available)
[    6.766242] random: udevadm: uninitialized urandom read (16 bytes read, 4 bits of entropy available)
[    6.766308] random: udevadm: uninitialized urandom read (16 bytes read, 4 bits of entropy available)
[    6.766370] random: udevadm: uninitialized urandom read (16 bytes read, 4 bits of entropy available)
[    6.766437] random: udevadm: uninitialized urandom read (16 bytes read, 4 bits of entropy available)
[    7.009774] ACPI: Video Device [GFX0] (multi-head: yes  rom: no  post: no)
[    7.012781] input: Video Bus as /devices/LNXSYSTM:00/LNXSYBUS:00/PNP0A03:00/LNXVIDEO:00/input/input4
[    7.017026] FUJITSU Extended Socket Network Device Driver - version 1.0 - Copyright (c) 2015 FUJITSU LIMITED
[    7.057778] e1000: Intel(R) PRO/1000 Network Driver - version 7.3.21-k8-NAPI
[    7.081870] e1000: Copyright (c) 1999-2006 Intel Corporation.
[    7.095187] Fusion MPT base driver 3.04.20
[    7.101722] Copyright (c) 1999-2008 LSI Corporation
[    7.127099] Fusion MPT SPI Host driver 3.04.20
[    7.131347] mptbase: ioc0: Initiating bringup
[    7.169468] AVX version of gcm_enc/dec engaged.
[    7.177412] AES CTR mode by8 optimization enabled
[    7.217972] ioc0: LSI53C1030 A0: Capabilities={Initiator}
[    7.382409] input: ImExPS/2 Generic Explorer Mouse as /devices/platform/i8042/serio1/input/input5
[    7.405699] scsi host2: ioc0: LSI53C1030 A0, FwRev=00000000h, Ports=1, MaxQ=256, IRQ=20
[    7.542274] scsi 2:0:0:0: Direct-Access     VBOX     HARDDISK         1.0  PQ: 0 ANSI: 5
[    7.651289] scsi target2:0:0: Beginning Domain Validation
[    7.714709] scsi target2:0:0: Domain Validation skipping write tests
[    7.725782] scsi target2:0:0: Ending Domain Validation
[    7.769207] scsi target2:0:0: asynchronous
[    7.785933] scsi 2:0:1:0: Direct-Access     VBOX     HARDDISK         1.0  PQ: 0 ANSI: 5
[    7.813361] scsi target2:0:1: Beginning Domain Validation
[    7.828212] scsi target2:0:1: Domain Validation skipping write tests
[    7.853227] scsi target2:0:1: Ending Domain Validation
[    7.861016] scsi target2:0:1: asynchronous
[    8.010503] sd 2:0:0:0: [sda] 20971520 512-byte logical blocks: (10.7 GB/10.0 GiB)
[    8.034561] sd 2:0:0:0: Attached scsi generic sg0 type 0
[    8.044195] sd 2:0:0:0: [sda] Write Protect is off
[    8.053850] sd 2:0:1:0: [sdb] 20480 512-byte logical blocks: (10.5 MB/10.0 MiB)
[    8.070358] sd 2:0:1:0: Attached scsi generic sg1 type 0
[    8.070388] sd 2:0:0:0: [sda] Incomplete mode parameter data
[    8.070390] sd 2:0:0:0: [sda] Assuming drive cache: write through
[    8.074074] e1000 0000:00:03.0 eth0: (PCI:33MHz:32-bit) 02:e4:5b:1a:6e:ce
[    8.074079] e1000 0000:00:03.0 eth0: Intel(R) PRO/1000 Network Connection
[    8.079604] e1000 0000:00:03.0 enp0s3: renamed from eth0
[    8.137654] sd 2:0:1:0: [sdb] Write Protect is off
[    8.147683] sd 2:0:1:0: [sdb] Incomplete mode parameter data
[    8.155686] sd 2:0:1:0: [sdb] Assuming drive cache: write through
[    8.167204]  sda: sda1
[    8.172039] sd 2:0:0:0: [sda] Attached SCSI disk
[   10.190046] floppy0: no floppy controllers found
[   38.670799] mptscsih: ioc0: attempting task abort! (sc=ffff88003e3ad200)
[   39.352213] sd 2:0:1:0: tag#0 CDB: Report supported operation codes a3 0c 01 12 00 00 00 00 02 00 00 00
[   40.340941] mptscsih: ioc0: task abort: FAILED (rv=2003) (sc=ffff88003e3ad200)
[   40.412242] mptscsih: ioc0: attempting target reset! (sc=ffff88003e3ad200)
[   41.413186] sd 2:0:1:0: tag#0 CDB: Report supported operation codes a3 0c 01 12 00 00 00 00 02 00 00 00
[   42.346122] mptscsih: ioc0: target reset: SUCCESS (sc=ffff88003e3ad200)
[   42.482827] sd 2:0:1:0: [sdb] Attached SCSI disk
Begin: Loading essential drivers[   44.131789] md: linear personality registered for level -1
 ... [   44.153586] md: multipath personality registered for level -4
[   44.181396] md: raid0 personality registered for level 0
[   44.203897] md: raid1 personality registered for level 1
[   44.305613] raid6: sse2x1   gen()  5642 MB/s
[   44.379610] raid6: sse2x1   xor()  3059 MB/s
[   44.449675] raid6: sse2x2   gen()  4827 MB/s
[   44.521754] raid6: sse2x2   xor()  4374 MB/s
[   44.589611] raid6: sse2x4   gen()  2245 MB/s
[   44.677538] raid6: sse2x4   xor()  4065 MB/s
[   44.683055] raid6: using algorithm sse2x1 gen() 5642 MB/s
[   44.693410] raid6: .... xor() 3059 MB/s, rmw enabled
[   44.701646] raid6: using ssse3x2 recovery algorithm
[   44.713262] xor: automatically using best checksumming function:
[   44.817579]    avx       :  8439.000 MB/sec
[   44.839949] async_tx: api initialized (async)
[   44.862348] md: raid6 personality registered for level 6
[   44.873709] md: raid5 personality registered for level 5
[   44.891035] md: raid4 personality registered for level 4
[   44.903979] md: raid10 personality registered for level 10
done.
Begin: Running /scripts/init-premount ... done.
Begin: Mounting root file system ... Begin: Running /scripts/local-top ... done.
Begin: Running /scripts/local-premount ... [   45.006319] Btrfs loaded
Scanning for Btrfs filesystems
done.
Warning: fsck not present, so sk[   45.076019] EXT4-fs (sda1): INFO: recovery required on readonly filesystem
ipping root file[   45.094728] EXT4-fs (sda1): write access will be enabled during recovery
 system
[   45.145178] EXT4-fs (sda1): recovery complete
[   45.153441] EXT4-fs (sda1): mounted filesystem with ordered data mode. Opts: (null)
done.
Begin: Running /scripts/local-bottom ... done.
Begin: Running /scripts/init-bottom ... done.
[   45.649169] systemd[1]: systemd 229 running in system mode. (+PAM +AUDIT +SELINUX +IMA +APPARMOR +SMACK +SYSVINIT +UTMP +LIBCRYPTSETUP +GCRYPT +GNUTLS +ACL +XZ -LZ4 +SECCOMP +BLKID +ELFUTILS +KMOD -IDN)
[   45.670049] systemd[1]: Detected virtualization oracle.
[   45.684575] systemd[1]: Detected architecture x86-64.

Welcome to [1mUbuntu 16.04.2 LTS[0m!

[   45.704712] systemd[1]: Set hostname to <nomad>.
[   45.907920] systemd[1]: Listening on Journal Audit Socket.
[[0;32m  OK  [0m] Listening on Journal Audit Socket.
[   46.016245] systemd[1]: Reachedtarge Ecrypted Vomes.
[[0;32m  OK  [0m] Reached target Encrypted Volumes.
[   46.236576] systemd[1]: Listening on LVM2 metadata daemon socket.
[[0;32m  OK  [0m] Listening on LVM2 metadata daemon socket.
[ 46.54260] systemd[1]: Listening on evice-mapper event daemon FIFOs.
[[0;32m  OK  [0m] Listening on Device-mapper event daemon FIFOs.
[   46.415950] systemd[1]: Created slice System Slic

[[0;32m  OK  [0m] Created slice System Slice.
[   46.542610] systemd[1]: Listening on LM2 poll daemon socket.
[[0;32m  OK  [0m] Listening on LVM2 poll daemon socket.
[   46.632174] systemd[1]: Reached target Swap.
[[0;32m  OK  [0m] Reached target Swap.
[   46.654852] systemd[1]: Listening on Journal Socket.
[[0;32m  OK  [0m] Listening on Journal Socket.
[   46.695295] systemd[1]: Starting Create list of required static device nodes for the current kernel...
         Starting Create list of required st... nodes for the current kernel...
[   46.754262] systemd[1]: Starting Nameserver information manager...
         Starting Nameserver information manager...
[   46.766289] systemd[1]: Starting Remount Root and Kernel File Systems...
         Starting Remount Root and Kernel File Systems...[   46.788157] EXT4-fs (sda1): re-mounted. Opts: (null)

[   46.802234] systemd[1]: Mounting Debug File System...
         Mounting Debug File System...
[   46.829906] systemd[1]: Mounting POSIX Message Queue File System...
         Mounting POSIX Message Queue File System...
[   46.858233] systemd[1]: Listening on Syslog Socket.
[[0;32m  OK  [0m] Listening on Syslog Socket.
[   46.874655] systemd[1]: Listening on udev Kernel Socket.
[[0;32m  OK  [0m] Listening on udev Kernel Socket.
[   46.886759] systemd[1]: Set up automount Arbitrary Executable File Formats File System Automount Point.
[[0;32m  OK  [0m] Set up automount Arbitrary Executab...ats File System Automount Point.
[   46.892427] systemd[1]: Listening on /dev/initctl Compatibility Named Pipe.
[[0;32m  OK  [0m] Listening on /dev/initctl Compatibility Named Pipe.
[   46.900948] systemd[1]: Created slice User and Session Slice.
[[0;32m  OK  [0m] Created slice User and Session Slice.
[   46.913746] systemd[1]: Listening on udev Control Socket.
[[0;32m  OK  [0m] Listening on udev Control Socket.
[   46.935206] systemd[1]: Created slice system-serial\x2dgetty.slice.
[[0;32m  OK  [0m] Created slice system-serial\x2dgetty.slice.
[   46.973663] systemd[1]: Mounting Huge Pages File System...
         Mounting Huge Pages File System...
[   47.007819] systemd[1]: Starting Monitoring of LVM2 mirrors, snapshots etc. using dmeventd or progress polling...
         Starting Monitoring of LVM2 mirrors... dmeventd or progress polling...
[   47.186320] systemd[1]: Starting Load Kernel Modules...
[   47.226747] random: nonblocking pool is initialized
         Starting Load Kernel Modules...
[   47.246743] systemd[1]: Reached target User and Group Name Lookups.
[[   47.260331] Loading iSCSI transport class v2.0-870.
[0;32m  OK  [0m] Reached target User and Group Name Lookups.
[   47.274218] systemd[1]: Started Forward Password Requests to Wall Directory Watch.
[[0;32m  OK  [0m] Started Forward Password Requests to Wall Directory Watch.
[   47.285892] iscsi: registered transport (tcp)
[   47.287221] systemd[1]: Reached target Slices.
[[0;32m  OK  [0m] Reached target Slices.
[   47.301826] systemd[1]: Listening on Journal Socket (/dev/log).
[[0;32m  OK  [0m] Listening on Journal Socket (/dev/log).
[   47.326260] systemd[1]: Starting Set console keymap...
         Starting Set console keymap...
[   47.345596] iscsi: registered transport (iser)
[   47.347893] systemd[1]: Starting Journal Service...
         Starting Journal Service...
[   47.406989] systemd[1]: Starting Uncomplicated firewall...
         Starting Uncomplicated firewall...
[   47.435960] systemd[1]: Mounted POSIX Message Queue File System.
[[0;32m  OK  [0m] Mounted POSIX Message Queue File System.
[   47.448760] systemd[1]: Mounted Debug File System.
[[0;32m  OK  [0m] Mounted Debug File System.
[   47.456882] systemd[1]: Mounted Huge Pages File System.
[[0;32m  OK  [0m] Mounted Huge Pages File System.
[   47.466952] systemd[1]: Started Journal Service.
[[0;32m  OK  [0m] Started Journal Service.
[[0;32m  OK  [0m] Started Create list of required sta...ce nodes for the current kernel.
[[0;32m  OK  [0m] Started Remount Root and Kernel File Systems.
[[0;32m  OK  [0m] Started Load Kernel Modules.
[[0;32m  OK  [0m] Started Set console keymap.
[[0;32m  OK  [0m] Started Uncomplicated firewall.
[[0;32m  OK  [0m] Started Nameserver information manager.
[[0;32m  OK  [0m] Started LVM2 metadata daemon.
         Mounting FUSE Control File System...
         Starting Apply Kernel Variables...
         Starting Load/Save Random Seed...
         Starting Initial cloud-init job (pre-networking)...
         Starting udev Coldplug all Devices...
         Starting Create Static Device Nodes in /dev...
         Starting Flush Journal to Persistent Storage...
[[0;32m  OK  [0m] Mounted FUSE Control File System.
[[0;32m  OK  [0m] Started Apply Kernel Variables.
[[0;32m  OK  [0m] Started Load/Save Random Seed.
[[0;32m  OK  [0m] Started Create Static Device Nodes in /dev.
[[0;32m  OK  [0m] Started Monitoring of LVM2 mirrors,...ng dmeventd or progress polling.
[[0;32m  OK  [0m] Started udev Coldplug all Devices.
[[0;32m  OK  [0m] Started Flush Journal to Persistent Storage.
         Starting udev Kernel Device Manager...
[[0;32m  OK  [0m] Started udev Kernel Device Manager.
[[0;32m  OK  [0m] Started Dispatch Password Requests to Console Directory Watch.
[[0;32m  OK  [0m] Reached target Local File Systems (Pre).
[[0;32m  OK  [0m] Reached target Local File Systems.
         Starting Create Volatile Files and Directories...
         Starting LSB: AppArmor initialization...
         Starting Tell Plymouth To Write Out Runtime Data...
         Starting Set console font and keymap...
[[0;32m  OK  [0m] Started Create Volatile Files and Directories.
[[0;32m  OK  [0m] Started Tell Plymouth To Write Out Runtime Data.
[[0;32m  OK  [0m] Reached target System Time Synchronized.
         Starting Update UTMP about System Boot/Shutdown...
[   48.748073] piix4_smbus 0000:00:07.0: SMBus base address uninitialized - upgrade BIOS or use force_addr=0xaddr
[[0;32m  OK  [0m] Started Update UTMP about System Boot/Shutdown.
[[0;32m  OK  [0m] Started LSB: AppArmor initialization.
[   48.932982] intel_rapl: no valid rapl domains found in package 0
[[0;32m  OK  [0m] Found device /dev/ttyS0.
[[0;32m  OK  [0m] Found device 82540EM Gigabit Ethern...r (PRO/1000 MT Desktop Adapter).
[[0;32m  OK  [0m] Started Set console font and keymap.
[[0;32m  OK  [0m] Created slice system-getty.slice.
[[0;32m  OK  [0m] Listening on Load/Save RF Kill Switch Status /dev/rfkill Watch.
[   48.463075] cloud-init[481]: Cloud-init v. 0.7.8 running 'init-local' at Tue, 14 Feb 2017 19:07:21 +0000. Up 47.77 seconds.
[[0;32m  OK  [0m] Started Initial cloud-init job (pre-networking).
[[0;32m  OK  [0m] Reached target Network (Pre).
         Starting Raise network interfaces...
[[0;32m  OK  [0m] Started ifup for enp0s3.
[[0;32m  OK  [0m] Started Raise network interfaces.
         Starting Initial cloud-init job (metadata service crawler)...
[[0;32m  OK  [0m] Reached target Network.
[   51.158013] cloud-init[1068]: Cloud-init v. 0.7.8 running 'init' at Tue, 14 Feb 2017 19:07:24 +0000. Up 50.63 seconds.
[   51.209295] cloud-init[1068]: ci-info: +++++++++++++++++++++++++++++++++++++Net device info++++++++++++++++++++++++++++++++++++++
[   51.237877] cloud-init[1068]: ci-info: +--------+------+----------------------------+---------------+-------+-------------------+
[   51.280784] cloud-init[1068]: ci-info: | Device |  Up  |          Address           |      Mask     | Scope |     Hw-Address    |
[   51.301073] cloud-init[1068]: ci-info: +--------+------+----------------------------+---------------+-------+-------------------+
[   51.326843] cloud-init[1068]: ci-info: |   lo   | True |         127.0.0.1          |   255.0.0.0   |   .   |         .         |
[[0;32m  OK  [0m] Started Initial cloud-init job (metadata service crawler).
[   51.327649] cloud-init[1068]: ci-info: |   lo   | True |          ::1/128           |       .       |  host |         .         |
[   51.351486] cloud-init[1068]: ci-info: | enp0s3 | True |         10.0.2.15          | 255.255.255.0 |   .   | 02:e4:5b:1a:6e:ce |
[   51.351937] cloud-init[1068]: ci-info: | enp0s3 | True | fe80::e4:5bff:fe1a:6ece/64 |       .       |  link | 02:e4:5b:1a:6e:ce |
[[0;32m  OK  [0m] Reached target Cloud-config availability.
[[   51.352339] cloud-init[1068]: ci-info: +--------+------+----------------------------+---------------+-------+-------------------+
[0;32m  OK  [0m] Reached target Network is Online.
[   51.436530] cloud-init[1068]: ci-info: +++++++++++++++++++++++++++Route IPv4 info++++++++++++++++++++++++++++
[   51.596823] cloud-init[1068]: ci-info: +-------+-------------+----------+---------------+-----------+-------+
[   51.597612] cloud-init[1068]: ci-info: | Route | Destination | Gateway  |    Genmask    | Interface | Flags |
         Starting iSCSI initiator daemon (iscsid)...
[[   51.597877] cloud-init[1068]: ci-info: +-------+-------------+----------+---------------+-----------+-------+
[0;32m  OK  [0m] Reached target System Initialization.
[   51.625851] cloud-init[1068]: ci-info: |   0   |   0.0.0.0   | 10.0.2.2 |    0.0.0.0    |   enp0s3  |   UG  |
[   51.715248] cloud-init[1068]: ci-info: |   1   |   10.0.2.0  | 0.0.0.0  | 255.255.255.0 |   enp0s3  |   U   |
[   51.715610] cloud-init[1068]: ci-info: +-------+-------------+----------+---------------+-----------+-------+
[[0;32m  OK  [0m] Started Timer to automatically refresh installed snaps.
[[0;32m  OK  [0m] Started Trigger resolvconf update for networkd DNS.
         Starting Docker Socket for the API.
         Starting Socket activation for snappy daemon.
[[0;32m  OK  [0m] Started Daily apt activities.
[[0;32m  OK  [0m] Listening on D-Bus System Message Bus Socket.
[[0;32m  OK  [0m] Listening on ACPID Listen Socket.
[[0;32m  OK  [0m] Started ACPI Events Check.
[[0;32m  OK  [0m] Reached target Paths.
         Starting LXD - unix socket.
[[0;32m  OK  [0m] Started Daily Cleanup of Temporary Directories.
[[0;32m  OK  [0m] Reached target Timers.
[[0;32m  OK  [0m] Listening on UUID daemon activation socket.
[[0;32m  OK  [0m] Listening on Docker Socket for the API.
[[0;32m  OK  [0m] Listening on Socket activation for snappy daemon.
[[0;32m  OK  [0m] Listening on LXD - unix socket.
[[0;32m  OK  [0m] Started iSCSI initiator daemon (iscsid).
         Starting Login to default iSCSI targets...
[[0;32m  OK  [0m] Reached target Sockets.
[[0;32m  OK  [0m] Reached target Basic System.
         Starting Login Service...
         Starting Accounts Service...
[[0;32m  OK  [0m] Started Regular background program processing daemon.
         Starting LSB: MD monitoring daemon...
         Starting OpenBSD Secure Shell server...
         Starting Apply the settings specified in cloud-config...
         Starting LSB: Record successful boot for GRUB...
[[0;32m  OK  [0m] Started D-Bus System Message Bus.
[[0;32m  OK  [0m] Started ACPI event daemon.
[[0;32m  OK  [0m] Started Deferred execution scheduler.
         Starting System Logging Service...
         Starting /etc/rc.local Compatibility...
[[0;32m  OK  [0m] Started Snappy daemon.
         Starting Auto import assertions from block devices...
         Starting Thermal Daemon Service...
         Starting LXD - container startup/shutdown...
[[0;32m  OK  [0m] Started FUSE filesystem for LXC.
         Starting Docker Application Container Engine...
[[0;32m  OK  [0m] Started OpenBSD Secure Shell server.
[[0;32m  OK  [0m] Started System Logging Service.
[[0;32m  OK  [0m] Started /etc/rc.local Compatibility.
[[0;32m  OK  [0m] Started Auto import assertions from block devices.
[[0;32m  OK  [0m] Started Thermal Daemon Service.
[[0;32m  OK  [0m] Started LXD - container startup/shutdown.
[[0;32m  OK  [0m] Started Login to default iSCSI targets.
[[0;32m  OK  [0m] Started LSB: MD monitoring daemon.
[[0;32m  OK  [0m] Started LSB: Record successful boot for GRUB.
[[0;32m  OK  [0m] Started Login Service.
         Starting Authenticate and Authorize Users to Run Privileged Tasks...
[[0;32m  OK  [0m] Reached target Remote File Systems (Pre).
[[0;32m  OK  [0m] Reached target Remote File Systems.
         Starting LSB: automatic crash report generation...
         Starting LSB: Set up cgroupfs mounts....
         Starting LSB: daemon to balance interrupts for SMP systems...
         Starting Permit User Sessions...
         Starting LSB: VirtualBox Linux Additions...
         Starting LSB: Set the CPU Frequency Scaling governor to "ondemand"...
[[0;32m  OK  [0m] Started LSB: Set up cgroupfs mounts..
[[0;32m  OK  [0m] Started Permit User Sessions.
[[0;32m  OK  [0m] Started Authenticate and Authorize Users to Run Privileged Tasks.
[[0;32m  OK  [0m] Started Accounts Service.
[[0;32m  OK  [0m] Started LSB: automatic crash report generation.
[[0;32m  OK  [0m] Started LSB: daemon to balance interrupts for SMP systems.
[   53.473255] cloud-init[1139]: Cloud-init v. 0.7.8 running 'modules:config' at Tue, 14 Feb 2017 19:07:26 +0000. Up 53.20 seconds.
         Starting Terminate Plymouth Boot Screen...
         Starting Hold until boot process finishes up...
[[0;32m  OK  [0m] Started LSB: Set the CPU Frequency Scaling governor to "ondemand".
[[0;32m  OK  [0m] Started Terminate Plymouth Boot Screen.
[[0;32m  OK  [0m] Started Hold until boot process finishes up.
[[0;32m  OK  [0m] Started Apply the settings specified in cloud-config.
[[0;32m  OK  [0m] Started LSB: VirtualBox Linux Additions.
[[0;32m  OK  [0m] Created slice User Slice of ubuntu.
         Starting User Manager for UID 1000...
[[0;32m  OK  [0m] Started Session 1 of user ubuntu.
[[0;32m  OK  [0m] Started Getty on tty1.
[[0;32m  OK  [0m] Started Serial Getty on ttyS0.
[[0;32m  OK  [0m] Reached target Login Prompts.
         Starting Set console scheme...
[[0;32m  OK  [0m] Started User Manager for UID 1000.
[[0;32m  OK  [0m] Started Set console scheme.
[[0;32m  OK  [0m] Started Docker Application Container Engine.
[[0;32m  OK  [0m] Reached target Multi-User System.
         Starting Execute cloud user/final scripts...
[[0;32m  OK  [0m] Reached target Graphical Interface.
         Starting Update UTMP about System Runlevel Changes...
[[0;32m  OK  [0m] Started Update UTMP about System Runlevel Changes.
[   55.372329] cloud-init[1557]: Cloud-init v. 0.7.8 running 'modules:final' at Tue, 14 Feb 2017 19:07:28 +0000. Up 55.17 seconds.
[   55.392667] cloud-init[1557]: Cloud-init v. 0.7.8 finished at Tue, 14 Feb 2017 19:07:29 +0000. Datasource DataSourceNoCloud [seed=/dev/sdb][dsmode=net].  Up 55.35 seconds
[[0;32m  OK  [0m] Started Execute cloud user/final scripts.
[[0;32m  OK  [0m] Reached target Cloud-init target.

Ubuntu 16.04.2 LTS nomad ttyS0

nomad login: [  266.764406] sd 2:0:0:0: [sda] tag#0 Medium access timeout failure. Offlining disk!
[  267.941250] sd 2:0:0:0: rejecting I/O to offline device
[  267.943913] sd 2:0:0:0: rejecting I/O to offline device
[  267.966443] sd 2:0:0:0: rejecting I/O to offline device
[  270.546406] sd 2:0:0:0: rejecting I/O to offline device
[  270.558738] Aborting journal on device sda1-8.
[  270.563146] sd 2:0:0:0: rejecting I/O to offline device
[  270.591639] sd 2:0:0:0: rejecting I/O to offline device
[  270.591901] JBD2: Error -5 detected when updating journal superblock for sda1-8.
[  270.721329] EXT4-fs error (device sda1): ext4_journal_check_start:56: Detected aborted journal
[  270.795740] EXT4-fs (sda1): Remounting filesystem read-only
[  270.869608] EXT4-fs (sda1): previous I/O error to superblock detected
[  270.931463] sd 2:0:0:0: rejecting I/O to offline device
[  276.891931] blk_update_request: I/O error, dev sda, sector 3604488
[  276.950888] blk_update_request: I/O error, dev sda, sector 3604608
[  277.016693] blk_update_request: I/O error, dev sda, sector 4185648
[  277.049912] sd 2:0:0:0: rejecting I/O to offline device
[  277.340614] sd 2:0:0:0: rejecting I/O to offline device
[  277.388007] sd 2:0:0:0: rejecting I/O to offline device
[  277.404636] sd 2:0:0:0: rejecting I/O to offline device
[  277.416739] sd 2:0:0:0: rejecting I/O to offline device
[  277.421665] sd 2:0:0:0: rejecting I/O to offline device
[  277.424493] sd 2:0:0:0: rejecting I/O to offline device
[  277.431474] sd 2:0:0:0: rejecting I/O to offline device
[  277.447834] sd 2:0:0:0: rejecting I/O to offline device
[  277.451797] sd 2:0:0:0: rejecting I/O to offline device
[  277.465152] sd 2:0:0:0: rejecting I/O to offline device
[  278.249813] sd 2:0:0:0: rejecting I/O to offline device
[  278.411334] sd 2:0:0:0: rejecting I/O to offline device
[  278.446751] sd 2:0:0:0: rejecting I/O to offline device
[  278.480499] sd 2:0:0:0: rejecting I/O to offline device
[  278.507622] sd 2:0:0:0: rejecting I/O to offline device
[  278.508922] sd 2:0:0:0: rejecting I/O to offline device
[  278.629750] sd 2:0:0:0: rejecting I/O to offline device
[  278.639047] sd 2:0:0:0: rejecting I/O to offline device
[  278.659108] sd 2:0:0:0: rejecting I/O to offline device
[  278.659122] sd 2:0:0:0: rejecting I/O to offline device
[  278.659196] sd 2:0:0:0: rejecting I/O to offline device
[  278.846722] sd 2:0:0:0: rejecting I/O to offline device
[  278.861025] sd 2:0:0:0: rejecting I/O to offline device
[  278.926657] sd 2:0:0:0: rejecting I/O to offline device
[  278.943467] sd 2:0:0:0: rejecting I/O to offline device
[  279.003558] sd 2:0:0:0: rejecting I/O to offline device
[  279.020250] sd 2:0:0:0: rejecting I/O to offline device
[  279.030389] sd 2:0:0:0: rejecting I/O to offline device
[  279.034052] sd 2:0:0:0: rejecting I/O to offline device
[  279.091944] sd 2:0:0:0: rejecting I/O to offline device
[  279.118584] sd 2:0:0:0: rejecting I/O to offline device
[  279.121814] sd 2:0:0:0: rejecting I/O to offline device
[  283.451973] sd 2:0:0:0: rejecting I/O to offline device
[  283.500236] sd 2:0:0:0: rejecting I/O to offline device
[  283.599756] sd 2:0:0:0: rejecting I/O to offline device
[  283.690066] sd 2:0:0:0: rejecting I/O to offline device
[  283.778381] sd 2:0:0:0: rejecting I/O to offline device
[  283.831260] sd 2:0:0:0: rejecting I/O to offline device
[  283.890802] sd 2:0:0:0: rejecting I/O to offline device
[  283.968927] sd 2:0:0:0: rejecting I/O to offline device
[  283.981105] sd 2:0:0:0: rejecting I/O to offline device
[  284.040146] sd 2:0:0:0: rejecting I/O to offline device
[  340.065332] sd 2:0:0:0: rejecting I/O to offline device
[  340.081201] sd 2:0:0:0: rejecting I/O to offline device
[  340.092217] sd 2:0:0:0: rejecting I/O to offline device
[  346.516588] sd 2:0:0:0: rejecting I/O to offline device
[  346.525457] sd 2:0:0:0: rejecting I/O to offline device
[  370.877975] sd 2:0:0:0: rejecting I/O to offline device
[  370.901200] sd 2:0:0:0: rejecting I/O to offline device
[  370.957545] sd 2:0:0:0: rejecting I/O to offline device
[  386.137925] sd 2:0:0:0: rejecting I/O to offline device
[  386.179247] sd 2:0:0:0: rejecting I/O to offline device
[  386.209263] sd 2:0:0:0: rejecting I/O to offline device
[  396.703645] sd 2:0:0:0: rejecting I/O to offline device
[  396.748934] sd 2:0:0:0: rejecting I/O to offline device
[  396.820966] sd 2:0:0:0: rejecting I/O to offline device
[  396.824401] sd 2:0:0:0: rejecting I/O to offline device
[  396.849166] sd 2:0:0:0: rejecting I/O to offline device
[  396.901999] sd 2:0:0:0: rejecting I/O to offline device
[  396.927473] sd 2:0:0:0: rejecting I/O to offline device
[  396.950811] sd 2:0:0:0: rejecting I/O to offline device
